07:49:23 DEBUG : Logs will be stored at 'C:/Users/Lennym/Downloads/Zybo-Z7-10-DMA-sw.ide/vitis/IDE.log'.
07:49:26 INFO  : Launching XSCT server: xsct.bat -n  -interactive C:\Users\Lennym\Downloads\Zybo-Z7-10-DMA-sw.ide\vitis\temp_xsdb_launch_script.tcl
07:49:26 INFO  : Registering command handlers for Vitis TCF services
07:49:26 INFO  : Platform repository initialization has completed.
07:49:28 INFO  : XSCT server has started successfully.
07:49:28 INFO  : plnx-install-location is set to ''
07:49:28 INFO  : Successfully done setting XSCT server connection channel  
07:49:28 INFO  : Successfully done query RDI_DATADIR 
07:49:28 INFO  : Successfully done setting workspace for the tool. 
07:49:50 INFO  : Platform 'system_wrapper' is added to custom repositories.
07:49:53 INFO  : [Import] Updating active build configuration of the system project 'Zybo-Z7-10-DMA_system' to 'Debug' after the import.
07:52:11 INFO  : Result from executing command 'getProjects': system_wrapper
07:52:11 INFO  : Result from executing command 'getPlatforms': system_wrapper|C:/Users/Lennym/Downloads/Zybo-Z7-10-DMA-sw.ide/vitis/system_wrapper/export/system_wrapper/system_wrapper.xpfm;xilinx_zcu102_base_202310_1|C:/Xilinx/Vitis/2023.1/base_platforms/xilinx_zcu102_base_202310_1/xilinx_zcu102_base_202310_1.xpfm;xilinx_zcu102_base_dfx_202310_1|C:/Xilinx/Vitis/2023.1/base_platforms/xilinx_zcu102_base_dfx_202310_1/xilinx_zcu102_base_dfx_202310_1.xpfm;xilinx_zcu104_base_202310_1|C:/Xilinx/Vitis/2023.1/base_platforms/xilinx_zcu104_base_202310_1/xilinx_zcu104_base_202310_1.xpfm
07:52:12 INFO  : Checking for BSP changes to sync application flags for project 'Zybo-Z7-10-DMA'...
07:53:18 INFO  : Connected to target on host '127.0.0.1' and port '3121'.
07:53:18 INFO  : Jtag cable 'Digilent Zybo Z7 210351BE7A46A' is selected.
07:53:18 INFO  : 'jtag frequency' command is executed.
07:53:18 INFO  : Context for 'APU' is selected.
07:53:18 INFO  : System reset is completed.
07:53:21 INFO  : 'after 3000' command is executed.
07:53:21 INFO  : 'targets -set -filter {jtag_cable_name =~ "Digilent Zybo Z7 210351BE7A46A" && level==0 && jtag_device_ctx=="jsn-Zybo Z7-210351BE7A46A-13722093-0"}' command is executed.
07:53:22 INFO  : Device configured successfully with "C:/Users/Lennym/Downloads/Zybo-Z7-10-DMA-sw.ide/vitis/Zybo-Z7-10-DMA/_ide/bitstream/system_wrapper.bit"
07:53:22 INFO  : Context for 'APU' is selected.
07:53:22 INFO  : Hardware design and registers information is loaded from 'C:/Users/Lennym/Downloads/Zybo-Z7-10-DMA-sw.ide/vitis/system_wrapper/export/system_wrapper/hw/system_wrapper.xsa'.
07:53:22 INFO  : 'configparams force-mem-access 1' command is executed.
07:53:22 INFO  : Context for 'APU' is selected.
07:53:22 INFO  : Sourcing of 'C:/Users/Lennym/Downloads/Zybo-Z7-10-DMA-sw.ide/vitis/Zybo-Z7-10-DMA/_ide/psinit/ps7_init.tcl' is done.
07:53:23 INFO  : 'ps7_init' command is executed.
07:53:23 INFO  : 'ps7_post_config' command is executed.
07:53:23 INFO  : Context for processor 'ps7_cortexa9_0' is selected.
07:53:23 INFO  : The application 'C:/Users/Lennym/Downloads/Zybo-Z7-10-DMA-sw.ide/vitis/Zybo-Z7-10-DMA/Debug/Zybo-Z7-10-DMA.elf' is downloaded to processor 'ps7_cortexa9_0'.
07:53:23 INFO  : 'configparams force-mem-access 0' command is executed.
07:53:23 INFO  : ----------------XSDB Script----------------
connect -url tcp:127.0.0.1:3121
targets -set -nocase -filter {name =~"APU*"}
rst -system
after 3000
targets -set -filter {jtag_cable_name =~ "Digilent Zybo Z7 210351BE7A46A" && level==0 && jtag_device_ctx=="jsn-Zybo Z7-210351BE7A46A-13722093-0"}
fpga -file C:/Users/Lennym/Downloads/Zybo-Z7-10-DMA-sw.ide/vitis/Zybo-Z7-10-DMA/_ide/bitstream/system_wrapper.bit
targets -set -nocase -filter {name =~"APU*"}
loadhw -hw C:/Users/Lennym/Downloads/Zybo-Z7-10-DMA-sw.ide/vitis/system_wrapper/export/system_wrapper/hw/system_wrapper.xsa -mem-ranges [list {0x40000000 0xbfffffff}] -regs
configparams force-mem-access 1
targets -set -nocase -filter {name =~"APU*"}
source C:/Users/Lennym/Downloads/Zybo-Z7-10-DMA-sw.ide/vitis/Zybo-Z7-10-DMA/_ide/psinit/ps7_init.tcl
ps7_init
ps7_post_config
targets -set -nocase -filter {name =~ "*A9*#0"}
dow C:/Users/Lennym/Downloads/Zybo-Z7-10-DMA-sw.ide/vitis/Zybo-Z7-10-DMA/Debug/Zybo-Z7-10-DMA.elf
configparams force-mem-access 0
----------------End of Script----------------

07:53:23 INFO  : Context for processor 'ps7_cortexa9_0' is selected.
07:53:23 INFO  : 'con' command is executed.
07:53:23 INFO  : ----------------XSDB Script (After Launch)----------------
targets -set -nocase -filter {name =~ "*A9*#0"}
con
----------------End of Script----------------

07:53:23 INFO  : Launch script is exported to file 'C:\Users\Lennym\Downloads\Zybo-Z7-10-DMA-sw.ide\vitis\Zybo-Z7-10-DMA_system\_ide\scripts\debugger_zybo-z7-10-dma-default.tcl'
07:58:06 INFO  : Checking for BSP changes to sync application flags for project 'Zybo-Z7-10-DMA'...
07:58:25 INFO  : Disconnected from the channel tcfchan#3.
07:58:26 INFO  : Connected to target on host '127.0.0.1' and port '3121'.
07:58:35 INFO  : ----------------XSDB Script----------------
connect -url tcp:127.0.0.1:3121
----------------End of Script----------------

07:58:35 ERROR : Could not find FPGA device on the board for connection 'Local'.


Troubleshooting hints:
1. Check whether board is connected to system properly.
2. In case of zynq board, check whether Digilent/Xilinx cable switch settings are correct.
3. If you are using Xilinx Platform Cable USB, ensure that status LED is green.
07:58:49 INFO  : Checking for BSP changes to sync application flags for project 'Zybo-Z7-10-DMA'...
07:58:59 INFO  : Checking for BSP changes to sync application flags for project 'Zybo-Z7-10-DMA'...
07:59:09 INFO  : Connected to target on host '127.0.0.1' and port '3121'.
07:59:09 INFO  : Jtag cable 'Digilent Zybo Z7 210351BE7A46A' is selected.
07:59:09 INFO  : 'jtag frequency' command is executed.
07:59:09 INFO  : Context for 'APU' is selected.
07:59:10 INFO  : System reset is completed.
07:59:13 INFO  : 'after 3000' command is executed.
07:59:13 INFO  : 'targets -set -filter {jtag_cable_name =~ "Digilent Zybo Z7 210351BE7A46A" && level==0 && jtag_device_ctx=="jsn-Zybo Z7-210351BE7A46A-13722093-0"}' command is executed.
07:59:14 INFO  : Device configured successfully with "C:/Users/Lennym/Downloads/Zybo-Z7-10-DMA-sw.ide/vitis/Zybo-Z7-10-DMA/_ide/bitstream/system_wrapper.bit"
07:59:14 INFO  : Context for 'APU' is selected.
07:59:14 INFO  : Hardware design and registers information is loaded from 'C:/Users/Lennym/Downloads/Zybo-Z7-10-DMA-sw.ide/vitis/system_wrapper/export/system_wrapper/hw/system_wrapper.xsa'.
07:59:14 INFO  : 'configparams force-mem-access 1' command is executed.
07:59:14 INFO  : Context for 'APU' is selected.
07:59:14 INFO  : Sourcing of 'C:/Users/Lennym/Downloads/Zybo-Z7-10-DMA-sw.ide/vitis/Zybo-Z7-10-DMA/_ide/psinit/ps7_init.tcl' is done.
07:59:14 INFO  : 'ps7_init' command is executed.
07:59:14 INFO  : 'ps7_post_config' command is executed.
07:59:14 INFO  : Context for processor 'ps7_cortexa9_0' is selected.
07:59:14 INFO  : The application 'C:/Users/Lennym/Downloads/Zybo-Z7-10-DMA-sw.ide/vitis/Zybo-Z7-10-DMA/Debug/Zybo-Z7-10-DMA.elf' is downloaded to processor 'ps7_cortexa9_0'.
07:59:14 INFO  : 'configparams force-mem-access 0' command is executed.
07:59:14 INFO  : ----------------XSDB Script----------------
connect -url tcp:127.0.0.1:3121
targets -set -nocase -filter {name =~"APU*"}
rst -system
after 3000
targets -set -filter {jtag_cable_name =~ "Digilent Zybo Z7 210351BE7A46A" && level==0 && jtag_device_ctx=="jsn-Zybo Z7-210351BE7A46A-13722093-0"}
fpga -file C:/Users/Lennym/Downloads/Zybo-Z7-10-DMA-sw.ide/vitis/Zybo-Z7-10-DMA/_ide/bitstream/system_wrapper.bit
targets -set -nocase -filter {name =~"APU*"}
loadhw -hw C:/Users/Lennym/Downloads/Zybo-Z7-10-DMA-sw.ide/vitis/system_wrapper/export/system_wrapper/hw/system_wrapper.xsa -mem-ranges [list {0x40000000 0xbfffffff}] -regs
configparams force-mem-access 1
targets -set -nocase -filter {name =~"APU*"}
source C:/Users/Lennym/Downloads/Zybo-Z7-10-DMA-sw.ide/vitis/Zybo-Z7-10-DMA/_ide/psinit/ps7_init.tcl
ps7_init
ps7_post_config
targets -set -nocase -filter {name =~ "*A9*#0"}
dow C:/Users/Lennym/Downloads/Zybo-Z7-10-DMA-sw.ide/vitis/Zybo-Z7-10-DMA/Debug/Zybo-Z7-10-DMA.elf
configparams force-mem-access 0
----------------End of Script----------------

07:59:15 INFO  : Context for processor 'ps7_cortexa9_0' is selected.
07:59:15 INFO  : 'con' command is executed.
07:59:15 INFO  : ----------------XSDB Script (After Launch)----------------
targets -set -nocase -filter {name =~ "*A9*#0"}
con
----------------End of Script----------------

07:59:15 INFO  : Launch script is exported to file 'C:\Users\Lennym\Downloads\Zybo-Z7-10-DMA-sw.ide\vitis\Zybo-Z7-10-DMA_system\_ide\scripts\debugger_zybo-z7-10-dma-default_2.tcl'
08:18:28 INFO  : Checking for BSP changes to sync application flags for project 'Zybo-Z7-10-DMA'...
08:18:38 INFO  : Disconnected from the channel tcfchan#4.
08:18:39 INFO  : Connected to target on host '127.0.0.1' and port '3121'.
08:18:39 INFO  : Jtag cable 'Digilent Zybo Z7 210351BE7A46A' is selected.
08:18:39 INFO  : 'jtag frequency' command is executed.
08:18:41 INFO  : Context for 'APU' is selected.
08:18:41 INFO  : System reset is completed.
08:18:44 INFO  : 'after 3000' command is executed.
08:18:44 INFO  : 'targets -set -filter {jtag_cable_name =~ "Digilent Zybo Z7 210351BE7A46A" && level==0 && jtag_device_ctx=="jsn-Zybo Z7-210351BE7A46A-13722093-0"}' command is executed.
08:18:45 INFO  : Device configured successfully with "C:/Users/Lennym/Downloads/Zybo-Z7-10-DMA-sw.ide/vitis/Zybo-Z7-10-DMA/_ide/bitstream/system_wrapper.bit"
08:18:46 INFO  : Context for 'APU' is selected.
08:18:46 INFO  : Hardware design and registers information is loaded from 'C:/Users/Lennym/Downloads/Zybo-Z7-10-DMA-sw.ide/vitis/system_wrapper/export/system_wrapper/hw/system_wrapper.xsa'.
08:18:46 INFO  : 'configparams force-mem-access 1' command is executed.
08:18:46 INFO  : Context for 'APU' is selected.
08:18:46 INFO  : Sourcing of 'C:/Users/Lennym/Downloads/Zybo-Z7-10-DMA-sw.ide/vitis/Zybo-Z7-10-DMA/_ide/psinit/ps7_init.tcl' is done.
08:18:46 INFO  : 'ps7_init' command is executed.
08:18:46 INFO  : 'ps7_post_config' command is executed.
08:18:46 INFO  : Context for processor 'ps7_cortexa9_0' is selected.
08:18:46 INFO  : The application 'C:/Users/Lennym/Downloads/Zybo-Z7-10-DMA-sw.ide/vitis/Zybo-Z7-10-DMA/Debug/Zybo-Z7-10-DMA.elf' is downloaded to processor 'ps7_cortexa9_0'.
08:18:46 INFO  : 'configparams force-mem-access 0' command is executed.
08:18:46 INFO  : ----------------XSDB Script----------------
connect -url tcp:127.0.0.1:3121
targets -set -nocase -filter {name =~"APU*"}
rst -system
after 3000
targets -set -filter {jtag_cable_name =~ "Digilent Zybo Z7 210351BE7A46A" && level==0 && jtag_device_ctx=="jsn-Zybo Z7-210351BE7A46A-13722093-0"}
fpga -file C:/Users/Lennym/Downloads/Zybo-Z7-10-DMA-sw.ide/vitis/Zybo-Z7-10-DMA/_ide/bitstream/system_wrapper.bit
targets -set -nocase -filter {name =~"APU*"}
loadhw -hw C:/Users/Lennym/Downloads/Zybo-Z7-10-DMA-sw.ide/vitis/system_wrapper/export/system_wrapper/hw/system_wrapper.xsa -mem-ranges [list {0x40000000 0xbfffffff}] -regs
configparams force-mem-access 1
targets -set -nocase -filter {name =~"APU*"}
source C:/Users/Lennym/Downloads/Zybo-Z7-10-DMA-sw.ide/vitis/Zybo-Z7-10-DMA/_ide/psinit/ps7_init.tcl
ps7_init
ps7_post_config
targets -set -nocase -filter {name =~ "*A9*#0"}
dow C:/Users/Lennym/Downloads/Zybo-Z7-10-DMA-sw.ide/vitis/Zybo-Z7-10-DMA/Debug/Zybo-Z7-10-DMA.elf
configparams force-mem-access 0
----------------End of Script----------------

08:18:46 INFO  : Context for processor 'ps7_cortexa9_0' is selected.
08:18:46 INFO  : 'con' command is executed.
08:18:46 INFO  : ----------------XSDB Script (After Launch)----------------
targets -set -nocase -filter {name =~ "*A9*#0"}
con
----------------End of Script----------------

08:18:46 INFO  : Launch script is exported to file 'C:\Users\Lennym\Downloads\Zybo-Z7-10-DMA-sw.ide\vitis\Zybo-Z7-10-DMA_system\_ide\scripts\debugger_zybo-z7-10-dma-default_3.tcl'
08:24:31 INFO  : Checking for BSP changes to sync application flags for project 'Zybo-Z7-10-DMA'...
08:24:39 INFO  : Disconnected from the channel tcfchan#7.
08:24:40 INFO  : Connected to target on host '127.0.0.1' and port '3121'.
08:24:40 INFO  : Jtag cable 'Digilent Zybo Z7 210351BE7A46A' is selected.
08:24:40 ERROR : port closed
08:24:40 INFO  : ----------------XSDB Script----------------
connect -url tcp:127.0.0.1:3121
----------------End of Script----------------

08:24:40 ERROR : port closed
08:24:45 INFO  : Checking for BSP changes to sync application flags for project 'Zybo-Z7-10-DMA'...
08:24:55 INFO  : Connected to target on host '127.0.0.1' and port '3121'.
08:24:56 INFO  : Jtag cable 'Digilent Zybo Z7 210351BE7A46A' is selected.
08:24:56 INFO  : 'jtag frequency' command is executed.
08:24:56 INFO  : Context for 'APU' is selected.
08:24:56 INFO  : System reset is completed.
08:24:59 INFO  : 'after 3000' command is executed.
08:24:59 INFO  : 'targets -set -filter {jtag_cable_name =~ "Digilent Zybo Z7 210351BE7A46A" && level==0 && jtag_device_ctx=="jsn-Zybo Z7-210351BE7A46A-13722093-0"}' command is executed.
08:25:00 INFO  : Device configured successfully with "C:/Users/Lennym/Downloads/Zybo-Z7-10-DMA-sw.ide/vitis/Zybo-Z7-10-DMA/_ide/bitstream/system_wrapper.bit"
08:25:00 INFO  : Context for 'APU' is selected.
08:25:00 INFO  : Hardware design and registers information is loaded from 'C:/Users/Lennym/Downloads/Zybo-Z7-10-DMA-sw.ide/vitis/system_wrapper/export/system_wrapper/hw/system_wrapper.xsa'.
08:25:00 INFO  : 'configparams force-mem-access 1' command is executed.
08:25:00 INFO  : Context for 'APU' is selected.
08:25:00 INFO  : Sourcing of 'C:/Users/Lennym/Downloads/Zybo-Z7-10-DMA-sw.ide/vitis/Zybo-Z7-10-DMA/_ide/psinit/ps7_init.tcl' is done.
08:25:00 INFO  : 'ps7_init' command is executed.
08:25:00 INFO  : 'ps7_post_config' command is executed.
08:25:00 INFO  : Context for processor 'ps7_cortexa9_0' is selected.
08:25:00 INFO  : The application 'C:/Users/Lennym/Downloads/Zybo-Z7-10-DMA-sw.ide/vitis/Zybo-Z7-10-DMA/Debug/Zybo-Z7-10-DMA.elf' is downloaded to processor 'ps7_cortexa9_0'.
08:25:01 INFO  : 'configparams force-mem-access 0' command is executed.
08:25:01 INFO  : ----------------XSDB Script----------------
connect -url tcp:127.0.0.1:3121
targets -set -nocase -filter {name =~"APU*"}
rst -system
after 3000
targets -set -filter {jtag_cable_name =~ "Digilent Zybo Z7 210351BE7A46A" && level==0 && jtag_device_ctx=="jsn-Zybo Z7-210351BE7A46A-13722093-0"}
fpga -file C:/Users/Lennym/Downloads/Zybo-Z7-10-DMA-sw.ide/vitis/Zybo-Z7-10-DMA/_ide/bitstream/system_wrapper.bit
targets -set -nocase -filter {name =~"APU*"}
loadhw -hw C:/Users/Lennym/Downloads/Zybo-Z7-10-DMA-sw.ide/vitis/system_wrapper/export/system_wrapper/hw/system_wrapper.xsa -mem-ranges [list {0x40000000 0xbfffffff}] -regs
configparams force-mem-access 1
targets -set -nocase -filter {name =~"APU*"}
source C:/Users/Lennym/Downloads/Zybo-Z7-10-DMA-sw.ide/vitis/Zybo-Z7-10-DMA/_ide/psinit/ps7_init.tcl
ps7_init
ps7_post_config
targets -set -nocase -filter {name =~ "*A9*#0"}
dow C:/Users/Lennym/Downloads/Zybo-Z7-10-DMA-sw.ide/vitis/Zybo-Z7-10-DMA/Debug/Zybo-Z7-10-DMA.elf
configparams force-mem-access 0
----------------End of Script----------------

08:25:01 INFO  : Context for processor 'ps7_cortexa9_0' is selected.
08:25:01 INFO  : 'con' command is executed.
08:25:01 INFO  : ----------------XSDB Script (After Launch)----------------
targets -set -nocase -filter {name =~ "*A9*#0"}
con
----------------End of Script----------------

08:25:01 INFO  : Launch script is exported to file 'C:\Users\Lennym\Downloads\Zybo-Z7-10-DMA-sw.ide\vitis\Zybo-Z7-10-DMA_system\_ide\scripts\debugger_zybo-z7-10-dma-default_5.tcl'
08:39:55 INFO  : Checking for BSP changes to sync application flags for project 'Zybo-Z7-10-DMA'...
08:40:17 INFO  : Disconnected from the channel tcfchan#8.
08:40:18 INFO  : Connected to target on host '127.0.0.1' and port '3121'.
08:40:19 INFO  : Jtag cable 'Digilent Zybo Z7 210351BE7A46A' is selected.
08:40:19 INFO  : 'jtag frequency' command is executed.
08:40:19 INFO  : Context for 'APU' is selected.
08:40:19 INFO  : System reset is completed.
08:40:22 INFO  : 'after 3000' command is executed.
08:40:23 INFO  : 'targets -set -filter {jtag_cable_name =~ "Digilent Zybo Z7 210351BE7A46A" && level==0 && jtag_device_ctx=="jsn-Zybo Z7-210351BE7A46A-13722093-0"}' command is executed.
08:40:24 INFO  : Device configured successfully with "C:/Users/Lennym/Downloads/Zybo-Z7-10-DMA-sw.ide/vitis/Zybo-Z7-10-DMA/_ide/bitstream/system_wrapper.bit"
08:40:24 INFO  : Context for 'APU' is selected.
08:40:24 INFO  : Hardware design and registers information is loaded from 'C:/Users/Lennym/Downloads/Zybo-Z7-10-DMA-sw.ide/vitis/system_wrapper/export/system_wrapper/hw/system_wrapper.xsa'.
08:40:24 INFO  : 'configparams force-mem-access 1' command is executed.
08:40:24 INFO  : Context for 'APU' is selected.
08:40:24 INFO  : Sourcing of 'C:/Users/Lennym/Downloads/Zybo-Z7-10-DMA-sw.ide/vitis/Zybo-Z7-10-DMA/_ide/psinit/ps7_init.tcl' is done.
08:40:24 INFO  : 'ps7_init' command is executed.
08:40:24 INFO  : 'ps7_post_config' command is executed.
08:40:24 INFO  : Context for processor 'ps7_cortexa9_0' is selected.
08:40:24 INFO  : The application 'C:/Users/Lennym/Downloads/Zybo-Z7-10-DMA-sw.ide/vitis/Zybo-Z7-10-DMA/Debug/Zybo-Z7-10-DMA.elf' is downloaded to processor 'ps7_cortexa9_0'.
08:40:24 INFO  : 'configparams force-mem-access 0' command is executed.
08:40:24 INFO  : ----------------XSDB Script----------------
connect -url tcp:127.0.0.1:3121
targets -set -nocase -filter {name =~"APU*"}
rst -system
after 3000
targets -set -filter {jtag_cable_name =~ "Digilent Zybo Z7 210351BE7A46A" && level==0 && jtag_device_ctx=="jsn-Zybo Z7-210351BE7A46A-13722093-0"}
fpga -file C:/Users/Lennym/Downloads/Zybo-Z7-10-DMA-sw.ide/vitis/Zybo-Z7-10-DMA/_ide/bitstream/system_wrapper.bit
targets -set -nocase -filter {name =~"APU*"}
loadhw -hw C:/Users/Lennym/Downloads/Zybo-Z7-10-DMA-sw.ide/vitis/system_wrapper/export/system_wrapper/hw/system_wrapper.xsa -mem-ranges [list {0x40000000 0xbfffffff}] -regs
configparams force-mem-access 1
targets -set -nocase -filter {name =~"APU*"}
source C:/Users/Lennym/Downloads/Zybo-Z7-10-DMA-sw.ide/vitis/Zybo-Z7-10-DMA/_ide/psinit/ps7_init.tcl
ps7_init
ps7_post_config
targets -set -nocase -filter {name =~ "*A9*#0"}
dow C:/Users/Lennym/Downloads/Zybo-Z7-10-DMA-sw.ide/vitis/Zybo-Z7-10-DMA/Debug/Zybo-Z7-10-DMA.elf
configparams force-mem-access 0
----------------End of Script----------------

08:40:24 INFO  : Context for processor 'ps7_cortexa9_0' is selected.
08:40:24 INFO  : 'con' command is executed.
08:40:24 INFO  : ----------------XSDB Script (After Launch)----------------
targets -set -nocase -filter {name =~ "*A9*#0"}
con
----------------End of Script----------------

08:40:24 INFO  : Launch script is exported to file 'C:\Users\Lennym\Downloads\Zybo-Z7-10-DMA-sw.ide\vitis\Zybo-Z7-10-DMA_system\_ide\scripts\debugger_zybo-z7-10-dma-default_6.tcl'
08:52:07 INFO  : Checking for BSP changes to sync application flags for project 'Zybo-Z7-10-DMA'...
08:52:13 INFO  : Checking for BSP changes to sync application flags for project 'Zybo-Z7-10-DMA'...
08:52:28 INFO  : Disconnected from the channel tcfchan#11.
08:52:29 INFO  : Connected to target on host '127.0.0.1' and port '3121'.
08:52:29 INFO  : Jtag cable 'Digilent Zybo Z7 210351BE7A46A' is selected.
08:52:29 INFO  : 'jtag frequency' command is executed.
08:52:30 INFO  : Context for 'APU' is selected.
08:52:30 INFO  : System reset is completed.
08:52:33 INFO  : 'after 3000' command is executed.
08:52:33 INFO  : 'targets -set -filter {jtag_cable_name =~ "Digilent Zybo Z7 210351BE7A46A" && level==0 && jtag_device_ctx=="jsn-Zybo Z7-210351BE7A46A-13722093-0"}' command is executed.
08:52:34 INFO  : Device configured successfully with "C:/Users/Lennym/Downloads/Zybo-Z7-10-DMA-sw.ide/vitis/Zybo-Z7-10-DMA/_ide/bitstream/system_wrapper.bit"
08:52:34 INFO  : Context for 'APU' is selected.
08:52:34 INFO  : Hardware design and registers information is loaded from 'C:/Users/Lennym/Downloads/Zybo-Z7-10-DMA-sw.ide/vitis/system_wrapper/export/system_wrapper/hw/system_wrapper.xsa'.
08:52:34 INFO  : 'configparams force-mem-access 1' command is executed.
08:52:34 INFO  : Context for 'APU' is selected.
08:52:34 INFO  : Sourcing of 'C:/Users/Lennym/Downloads/Zybo-Z7-10-DMA-sw.ide/vitis/Zybo-Z7-10-DMA/_ide/psinit/ps7_init.tcl' is done.
08:52:34 INFO  : 'ps7_init' command is executed.
08:52:34 INFO  : 'ps7_post_config' command is executed.
08:52:34 INFO  : Context for processor 'ps7_cortexa9_0' is selected.
08:52:35 INFO  : The application 'C:/Users/Lennym/Downloads/Zybo-Z7-10-DMA-sw.ide/vitis/Zybo-Z7-10-DMA/Debug/Zybo-Z7-10-DMA.elf' is downloaded to processor 'ps7_cortexa9_0'.
08:52:35 INFO  : 'configparams force-mem-access 0' command is executed.
08:52:35 INFO  : ----------------XSDB Script----------------
connect -url tcp:127.0.0.1:3121
targets -set -nocase -filter {name =~"APU*"}
rst -system
after 3000
targets -set -filter {jtag_cable_name =~ "Digilent Zybo Z7 210351BE7A46A" && level==0 && jtag_device_ctx=="jsn-Zybo Z7-210351BE7A46A-13722093-0"}
fpga -file C:/Users/Lennym/Downloads/Zybo-Z7-10-DMA-sw.ide/vitis/Zybo-Z7-10-DMA/_ide/bitstream/system_wrapper.bit
targets -set -nocase -filter {name =~"APU*"}
loadhw -hw C:/Users/Lennym/Downloads/Zybo-Z7-10-DMA-sw.ide/vitis/system_wrapper/export/system_wrapper/hw/system_wrapper.xsa -mem-ranges [list {0x40000000 0xbfffffff}] -regs
configparams force-mem-access 1
targets -set -nocase -filter {name =~"APU*"}
source C:/Users/Lennym/Downloads/Zybo-Z7-10-DMA-sw.ide/vitis/Zybo-Z7-10-DMA/_ide/psinit/ps7_init.tcl
ps7_init
ps7_post_config
targets -set -nocase -filter {name =~ "*A9*#0"}
dow C:/Users/Lennym/Downloads/Zybo-Z7-10-DMA-sw.ide/vitis/Zybo-Z7-10-DMA/Debug/Zybo-Z7-10-DMA.elf
configparams force-mem-access 0
----------------End of Script----------------

08:52:35 INFO  : Context for processor 'ps7_cortexa9_0' is selected.
08:52:35 INFO  : 'con' command is executed.
08:52:35 INFO  : ----------------XSDB Script (After Launch)----------------
targets -set -nocase -filter {name =~ "*A9*#0"}
con
----------------End of Script----------------

08:52:35 INFO  : Launch script is exported to file 'C:\Users\Lennym\Downloads\Zybo-Z7-10-DMA-sw.ide\vitis\Zybo-Z7-10-DMA_system\_ide\scripts\debugger_zybo-z7-10-dma-default_7.tcl'
08:52:50 INFO  : Disconnected from the channel tcfchan#13.
08:52:51 INFO  : Connected to target on host '127.0.0.1' and port '3121'.
08:52:51 INFO  : Jtag cable 'Digilent Zybo Z7 210351BE7A46A' is selected.
08:52:51 ERROR : port closed
08:52:51 INFO  : ----------------XSDB Script----------------
connect -url tcp:127.0.0.1:3121
----------------End of Script----------------

08:52:51 ERROR : port closed
08:52:54 INFO  : Checking for BSP changes to sync application flags for project 'Zybo-Z7-10-DMA'...
08:53:06 INFO  : Connected to target on host '127.0.0.1' and port '3121'.
08:53:06 INFO  : Jtag cable 'Digilent Zybo Z7 210351BE7A46A' is selected.
08:53:06 INFO  : 'jtag frequency' command is executed.
08:53:06 INFO  : Context for 'APU' is selected.
08:53:06 INFO  : System reset is completed.
08:53:09 INFO  : 'after 3000' command is executed.
08:53:09 INFO  : 'targets -set -filter {jtag_cable_name =~ "Digilent Zybo Z7 210351BE7A46A" && level==0 && jtag_device_ctx=="jsn-Zybo Z7-210351BE7A46A-13722093-0"}' command is executed.
08:53:11 INFO  : Device configured successfully with "C:/Users/Lennym/Downloads/Zybo-Z7-10-DMA-sw.ide/vitis/Zybo-Z7-10-DMA/_ide/bitstream/system_wrapper.bit"
08:53:11 INFO  : Context for 'APU' is selected.
08:53:11 INFO  : Hardware design and registers information is loaded from 'C:/Users/Lennym/Downloads/Zybo-Z7-10-DMA-sw.ide/vitis/system_wrapper/export/system_wrapper/hw/system_wrapper.xsa'.
08:53:11 INFO  : 'configparams force-mem-access 1' command is executed.
08:53:11 INFO  : Context for 'APU' is selected.
08:53:11 INFO  : Sourcing of 'C:/Users/Lennym/Downloads/Zybo-Z7-10-DMA-sw.ide/vitis/Zybo-Z7-10-DMA/_ide/psinit/ps7_init.tcl' is done.
08:53:11 INFO  : 'ps7_init' command is executed.
08:53:11 INFO  : 'ps7_post_config' command is executed.
08:53:11 INFO  : Context for processor 'ps7_cortexa9_0' is selected.
08:53:11 INFO  : The application 'C:/Users/Lennym/Downloads/Zybo-Z7-10-DMA-sw.ide/vitis/Zybo-Z7-10-DMA/Debug/Zybo-Z7-10-DMA.elf' is downloaded to processor 'ps7_cortexa9_0'.
08:53:11 INFO  : 'configparams force-mem-access 0' command is executed.
08:53:11 INFO  : ----------------XSDB Script----------------
connect -url tcp:127.0.0.1:3121
targets -set -nocase -filter {name =~"APU*"}
rst -system
after 3000
targets -set -filter {jtag_cable_name =~ "Digilent Zybo Z7 210351BE7A46A" && level==0 && jtag_device_ctx=="jsn-Zybo Z7-210351BE7A46A-13722093-0"}
fpga -file C:/Users/Lennym/Downloads/Zybo-Z7-10-DMA-sw.ide/vitis/Zybo-Z7-10-DMA/_ide/bitstream/system_wrapper.bit
targets -set -nocase -filter {name =~"APU*"}
loadhw -hw C:/Users/Lennym/Downloads/Zybo-Z7-10-DMA-sw.ide/vitis/system_wrapper/export/system_wrapper/hw/system_wrapper.xsa -mem-ranges [list {0x40000000 0xbfffffff}] -regs
configparams force-mem-access 1
targets -set -nocase -filter {name =~"APU*"}
source C:/Users/Lennym/Downloads/Zybo-Z7-10-DMA-sw.ide/vitis/Zybo-Z7-10-DMA/_ide/psinit/ps7_init.tcl
ps7_init
ps7_post_config
targets -set -nocase -filter {name =~ "*A9*#0"}
dow C:/Users/Lennym/Downloads/Zybo-Z7-10-DMA-sw.ide/vitis/Zybo-Z7-10-DMA/Debug/Zybo-Z7-10-DMA.elf
configparams force-mem-access 0
----------------End of Script----------------

08:53:11 INFO  : Context for processor 'ps7_cortexa9_0' is selected.
08:53:11 INFO  : 'con' command is executed.
08:53:11 INFO  : ----------------XSDB Script (After Launch)----------------
targets -set -nocase -filter {name =~ "*A9*#0"}
con
----------------End of Script----------------

08:53:11 INFO  : Launch script is exported to file 'C:\Users\Lennym\Downloads\Zybo-Z7-10-DMA-sw.ide\vitis\Zybo-Z7-10-DMA_system\_ide\scripts\debugger_zybo-z7-10-dma-default_9.tcl'
09:02:42 INFO  : Checking for BSP changes to sync application flags for project 'Zybo-Z7-10-DMA'...
09:02:56 INFO  : Disconnected from the channel tcfchan#14.
09:02:57 INFO  : Connected to target on host '127.0.0.1' and port '3121'.
09:02:57 INFO  : Jtag cable 'Digilent Zybo Z7 210351BE7A46A' is selected.
09:02:57 INFO  : 'jtag frequency' command is executed.
09:02:58 INFO  : Context for 'APU' is selected.
09:02:58 INFO  : System reset is completed.
09:03:01 INFO  : 'after 3000' command is executed.
09:03:01 INFO  : 'targets -set -filter {jtag_cable_name =~ "Digilent Zybo Z7 210351BE7A46A" && level==0 && jtag_device_ctx=="jsn-Zybo Z7-210351BE7A46A-13722093-0"}' command is executed.
09:03:02 INFO  : Device configured successfully with "C:/Users/Lennym/Downloads/Zybo-Z7-10-DMA-sw.ide/vitis/Zybo-Z7-10-DMA/_ide/bitstream/system_wrapper.bit"
09:03:02 INFO  : Context for 'APU' is selected.
09:03:02 INFO  : Hardware design and registers information is loaded from 'C:/Users/Lennym/Downloads/Zybo-Z7-10-DMA-sw.ide/vitis/system_wrapper/export/system_wrapper/hw/system_wrapper.xsa'.
09:03:02 INFO  : 'configparams force-mem-access 1' command is executed.
09:03:02 INFO  : Context for 'APU' is selected.
09:03:02 INFO  : Sourcing of 'C:/Users/Lennym/Downloads/Zybo-Z7-10-DMA-sw.ide/vitis/Zybo-Z7-10-DMA/_ide/psinit/ps7_init.tcl' is done.
09:03:02 INFO  : 'ps7_init' command is executed.
09:03:02 INFO  : 'ps7_post_config' command is executed.
09:03:02 INFO  : Context for processor 'ps7_cortexa9_0' is selected.
09:03:02 INFO  : The application 'C:/Users/Lennym/Downloads/Zybo-Z7-10-DMA-sw.ide/vitis/Zybo-Z7-10-DMA/Debug/Zybo-Z7-10-DMA.elf' is downloaded to processor 'ps7_cortexa9_0'.
09:03:02 INFO  : 'configparams force-mem-access 0' command is executed.
09:03:02 INFO  : ----------------XSDB Script----------------
connect -url tcp:127.0.0.1:3121
targets -set -nocase -filter {name =~"APU*"}
rst -system
after 3000
targets -set -filter {jtag_cable_name =~ "Digilent Zybo Z7 210351BE7A46A" && level==0 && jtag_device_ctx=="jsn-Zybo Z7-210351BE7A46A-13722093-0"}
fpga -file C:/Users/Lennym/Downloads/Zybo-Z7-10-DMA-sw.ide/vitis/Zybo-Z7-10-DMA/_ide/bitstream/system_wrapper.bit
targets -set -nocase -filter {name =~"APU*"}
loadhw -hw C:/Users/Lennym/Downloads/Zybo-Z7-10-DMA-sw.ide/vitis/system_wrapper/export/system_wrapper/hw/system_wrapper.xsa -mem-ranges [list {0x40000000 0xbfffffff}] -regs
configparams force-mem-access 1
targets -set -nocase -filter {name =~"APU*"}
source C:/Users/Lennym/Downloads/Zybo-Z7-10-DMA-sw.ide/vitis/Zybo-Z7-10-DMA/_ide/psinit/ps7_init.tcl
ps7_init
ps7_post_config
targets -set -nocase -filter {name =~ "*A9*#0"}
dow C:/Users/Lennym/Downloads/Zybo-Z7-10-DMA-sw.ide/vitis/Zybo-Z7-10-DMA/Debug/Zybo-Z7-10-DMA.elf
configparams force-mem-access 0
----------------End of Script----------------

09:03:03 INFO  : Context for processor 'ps7_cortexa9_0' is selected.
09:03:03 INFO  : 'con' command is executed.
09:03:03 INFO  : ----------------XSDB Script (After Launch)----------------
targets -set -nocase -filter {name =~ "*A9*#0"}
con
----------------End of Script----------------

09:03:03 INFO  : Launch script is exported to file 'C:\Users\Lennym\Downloads\Zybo-Z7-10-DMA-sw.ide\vitis\Zybo-Z7-10-DMA_system\_ide\scripts\debugger_zybo-z7-10-dma-default_10.tcl'
09:13:32 INFO  : Checking for BSP changes to sync application flags for project 'Zybo-Z7-10-DMA'...
09:13:59 INFO  : Disconnected from the channel tcfchan#17.
09:14:00 INFO  : Connected to target on host '127.0.0.1' and port '3121'.
09:14:00 INFO  : Jtag cable 'Digilent Zybo Z7 210351BE7A46A' is selected.
09:14:00 INFO  : 'jtag frequency' command is executed.
09:14:01 INFO  : Context for 'APU' is selected.
09:14:01 INFO  : System reset is completed.
09:14:04 INFO  : 'after 3000' command is executed.
09:14:04 INFO  : 'targets -set -filter {jtag_cable_name =~ "Digilent Zybo Z7 210351BE7A46A" && level==0 && jtag_device_ctx=="jsn-Zybo Z7-210351BE7A46A-13722093-0"}' command is executed.
09:14:05 INFO  : Device configured successfully with "C:/Users/Lennym/Downloads/Zybo-Z7-10-DMA-sw.ide/vitis/Zybo-Z7-10-DMA/_ide/bitstream/system_wrapper.bit"
09:14:05 INFO  : Context for 'APU' is selected.
09:14:05 INFO  : Hardware design and registers information is loaded from 'C:/Users/Lennym/Downloads/Zybo-Z7-10-DMA-sw.ide/vitis/system_wrapper/export/system_wrapper/hw/system_wrapper.xsa'.
09:14:05 INFO  : 'configparams force-mem-access 1' command is executed.
09:14:05 INFO  : Context for 'APU' is selected.
09:14:05 INFO  : Sourcing of 'C:/Users/Lennym/Downloads/Zybo-Z7-10-DMA-sw.ide/vitis/Zybo-Z7-10-DMA/_ide/psinit/ps7_init.tcl' is done.
09:14:05 INFO  : 'ps7_init' command is executed.
09:14:05 INFO  : 'ps7_post_config' command is executed.
09:14:05 INFO  : Context for processor 'ps7_cortexa9_0' is selected.
09:14:06 INFO  : The application 'C:/Users/Lennym/Downloads/Zybo-Z7-10-DMA-sw.ide/vitis/Zybo-Z7-10-DMA/Debug/Zybo-Z7-10-DMA.elf' is downloaded to processor 'ps7_cortexa9_0'.
09:14:06 INFO  : 'configparams force-mem-access 0' command is executed.
09:14:06 INFO  : ----------------XSDB Script----------------
connect -url tcp:127.0.0.1:3121
targets -set -nocase -filter {name =~"APU*"}
rst -system
after 3000
targets -set -filter {jtag_cable_name =~ "Digilent Zybo Z7 210351BE7A46A" && level==0 && jtag_device_ctx=="jsn-Zybo Z7-210351BE7A46A-13722093-0"}
fpga -file C:/Users/Lennym/Downloads/Zybo-Z7-10-DMA-sw.ide/vitis/Zybo-Z7-10-DMA/_ide/bitstream/system_wrapper.bit
targets -set -nocase -filter {name =~"APU*"}
loadhw -hw C:/Users/Lennym/Downloads/Zybo-Z7-10-DMA-sw.ide/vitis/system_wrapper/export/system_wrapper/hw/system_wrapper.xsa -mem-ranges [list {0x40000000 0xbfffffff}] -regs
configparams force-mem-access 1
targets -set -nocase -filter {name =~"APU*"}
source C:/Users/Lennym/Downloads/Zybo-Z7-10-DMA-sw.ide/vitis/Zybo-Z7-10-DMA/_ide/psinit/ps7_init.tcl
ps7_init
ps7_post_config
targets -set -nocase -filter {name =~ "*A9*#0"}
dow C:/Users/Lennym/Downloads/Zybo-Z7-10-DMA-sw.ide/vitis/Zybo-Z7-10-DMA/Debug/Zybo-Z7-10-DMA.elf
configparams force-mem-access 0
----------------End of Script----------------

09:14:06 INFO  : Context for processor 'ps7_cortexa9_0' is selected.
09:14:06 INFO  : 'con' command is executed.
09:14:06 INFO  : ----------------XSDB Script (After Launch)----------------
targets -set -nocase -filter {name =~ "*A9*#0"}
con
----------------End of Script----------------

09:14:06 INFO  : Launch script is exported to file 'C:\Users\Lennym\Downloads\Zybo-Z7-10-DMA-sw.ide\vitis\Zybo-Z7-10-DMA_system\_ide\scripts\debugger_zybo-z7-10-dma-default_11.tcl'
09:19:23 INFO  : Checking for BSP changes to sync application flags for project 'Zybo-Z7-10-DMA'...
09:19:37 INFO  : Disconnected from the channel tcfchan#19.
09:19:38 INFO  : Connected to target on host '127.0.0.1' and port '3121'.
09:19:39 INFO  : Jtag cable 'Digilent Zybo Z7 210351BE7A46A' is selected.
09:19:39 ERROR : port closed
09:19:39 INFO  : ----------------XSDB Script----------------
connect -url tcp:127.0.0.1:3121
----------------End of Script----------------

09:19:39 ERROR : port closed
09:19:50 INFO  : Checking for BSP changes to sync application flags for project 'Zybo-Z7-10-DMA'...
09:20:06 INFO  : Connected to target on host '127.0.0.1' and port '3121'.
09:20:06 INFO  : Jtag cable 'Digilent Zybo Z7 210351BE7A46A' is selected.
09:20:06 INFO  : 'jtag frequency' command is executed.
09:20:06 INFO  : Context for 'APU' is selected.
09:20:06 INFO  : System reset is completed.
09:20:09 INFO  : 'after 3000' command is executed.
09:20:09 INFO  : 'targets -set -filter {jtag_cable_name =~ "Digilent Zybo Z7 210351BE7A46A" && level==0 && jtag_device_ctx=="jsn-Zybo Z7-210351BE7A46A-13722093-0"}' command is executed.
09:20:10 INFO  : Device configured successfully with "C:/Users/Lennym/Downloads/Zybo-Z7-10-DMA-sw.ide/vitis/Zybo-Z7-10-DMA/_ide/bitstream/system_wrapper.bit"
09:20:11 INFO  : Context for 'APU' is selected.
09:20:11 INFO  : Hardware design and registers information is loaded from 'C:/Users/Lennym/Downloads/Zybo-Z7-10-DMA-sw.ide/vitis/system_wrapper/export/system_wrapper/hw/system_wrapper.xsa'.
09:20:11 INFO  : 'configparams force-mem-access 1' command is executed.
09:20:11 INFO  : Context for 'APU' is selected.
09:20:11 INFO  : Sourcing of 'C:/Users/Lennym/Downloads/Zybo-Z7-10-DMA-sw.ide/vitis/Zybo-Z7-10-DMA/_ide/psinit/ps7_init.tcl' is done.
09:20:11 INFO  : 'ps7_init' command is executed.
09:20:11 INFO  : 'ps7_post_config' command is executed.
09:20:11 INFO  : Context for processor 'ps7_cortexa9_0' is selected.
09:20:11 INFO  : The application 'C:/Users/Lennym/Downloads/Zybo-Z7-10-DMA-sw.ide/vitis/Zybo-Z7-10-DMA/Debug/Zybo-Z7-10-DMA.elf' is downloaded to processor 'ps7_cortexa9_0'.
09:20:11 INFO  : 'configparams force-mem-access 0' command is executed.
09:20:11 INFO  : ----------------XSDB Script----------------
connect -url tcp:127.0.0.1:3121
targets -set -nocase -filter {name =~"APU*"}
rst -system
after 3000
targets -set -filter {jtag_cable_name =~ "Digilent Zybo Z7 210351BE7A46A" && level==0 && jtag_device_ctx=="jsn-Zybo Z7-210351BE7A46A-13722093-0"}
fpga -file C:/Users/Lennym/Downloads/Zybo-Z7-10-DMA-sw.ide/vitis/Zybo-Z7-10-DMA/_ide/bitstream/system_wrapper.bit
targets -set -nocase -filter {name =~"APU*"}
loadhw -hw C:/Users/Lennym/Downloads/Zybo-Z7-10-DMA-sw.ide/vitis/system_wrapper/export/system_wrapper/hw/system_wrapper.xsa -mem-ranges [list {0x40000000 0xbfffffff}] -regs
configparams force-mem-access 1
targets -set -nocase -filter {name =~"APU*"}
source C:/Users/Lennym/Downloads/Zybo-Z7-10-DMA-sw.ide/vitis/Zybo-Z7-10-DMA/_ide/psinit/ps7_init.tcl
ps7_init
ps7_post_config
targets -set -nocase -filter {name =~ "*A9*#0"}
dow C:/Users/Lennym/Downloads/Zybo-Z7-10-DMA-sw.ide/vitis/Zybo-Z7-10-DMA/Debug/Zybo-Z7-10-DMA.elf
configparams force-mem-access 0
----------------End of Script----------------

09:20:11 INFO  : Context for processor 'ps7_cortexa9_0' is selected.
09:20:11 INFO  : 'con' command is executed.
09:20:11 INFO  : ----------------XSDB Script (After Launch)----------------
targets -set -nocase -filter {name =~ "*A9*#0"}
con
----------------End of Script----------------

09:20:11 INFO  : Launch script is exported to file 'C:\Users\Lennym\Downloads\Zybo-Z7-10-DMA-sw.ide\vitis\Zybo-Z7-10-DMA_system\_ide\scripts\debugger_zybo-z7-10-dma-default_13.tcl'
10:12:35 INFO  : Checking for BSP changes to sync application flags for project 'Zybo-Z7-10-DMA'...
10:15:12 INFO  : Checking for BSP changes to sync application flags for project 'Zybo-Z7-10-DMA'...
10:15:54 INFO  : Disconnected from the channel tcfchan#21.
10:15:55 INFO  : Connected to target on host '127.0.0.1' and port '3121'.
10:15:55 INFO  : Jtag cable 'Digilent Zybo Z7 210351BE7A46A' is selected.
10:15:55 INFO  : 'jtag frequency' command is executed.
10:15:55 INFO  : Context for 'APU' is selected.
10:15:55 INFO  : System reset is completed.
10:15:58 INFO  : 'after 3000' command is executed.
10:15:58 INFO  : 'targets -set -filter {jtag_cable_name =~ "Digilent Zybo Z7 210351BE7A46A" && level==0 && jtag_device_ctx=="jsn-Zybo Z7-210351BE7A46A-13722093-0"}' command is executed.
10:16:00 INFO  : Device configured successfully with "C:/Users/Lennym/Downloads/Zybo-Z7-10-DMA-sw.ide/vitis/Zybo-Z7-10-DMA/_ide/bitstream/system_wrapper.bit"
10:16:00 INFO  : Context for 'APU' is selected.
10:16:00 INFO  : Hardware design and registers information is loaded from 'C:/Users/Lennym/Downloads/Zybo-Z7-10-DMA-sw.ide/vitis/system_wrapper/export/system_wrapper/hw/system_wrapper.xsa'.
10:16:00 INFO  : 'configparams force-mem-access 1' command is executed.
10:16:00 INFO  : Context for 'APU' is selected.
10:16:00 INFO  : Sourcing of 'C:/Users/Lennym/Downloads/Zybo-Z7-10-DMA-sw.ide/vitis/Zybo-Z7-10-DMA/_ide/psinit/ps7_init.tcl' is done.
10:16:00 INFO  : 'ps7_init' command is executed.
10:16:00 INFO  : 'ps7_post_config' command is executed.
10:16:00 INFO  : Context for processor 'ps7_cortexa9_0' is selected.
10:16:00 INFO  : The application 'C:/Users/Lennym/Downloads/Zybo-Z7-10-DMA-sw.ide/vitis/Zybo-Z7-10-DMA/Debug/Zybo-Z7-10-DMA.elf' is downloaded to processor 'ps7_cortexa9_0'.
10:16:00 INFO  : 'configparams force-mem-access 0' command is executed.
10:16:00 INFO  : ----------------XSDB Script----------------
connect -url tcp:127.0.0.1:3121
targets -set -nocase -filter {name =~"APU*"}
rst -system
after 3000
targets -set -filter {jtag_cable_name =~ "Digilent Zybo Z7 210351BE7A46A" && level==0 && jtag_device_ctx=="jsn-Zybo Z7-210351BE7A46A-13722093-0"}
fpga -file C:/Users/Lennym/Downloads/Zybo-Z7-10-DMA-sw.ide/vitis/Zybo-Z7-10-DMA/_ide/bitstream/system_wrapper.bit
targets -set -nocase -filter {name =~"APU*"}
loadhw -hw C:/Users/Lennym/Downloads/Zybo-Z7-10-DMA-sw.ide/vitis/system_wrapper/export/system_wrapper/hw/system_wrapper.xsa -mem-ranges [list {0x40000000 0xbfffffff}] -regs
configparams force-mem-access 1
targets -set -nocase -filter {name =~"APU*"}
source C:/Users/Lennym/Downloads/Zybo-Z7-10-DMA-sw.ide/vitis/Zybo-Z7-10-DMA/_ide/psinit/ps7_init.tcl
ps7_init
ps7_post_config
targets -set -nocase -filter {name =~ "*A9*#0"}
dow C:/Users/Lennym/Downloads/Zybo-Z7-10-DMA-sw.ide/vitis/Zybo-Z7-10-DMA/Debug/Zybo-Z7-10-DMA.elf
configparams force-mem-access 0
----------------End of Script----------------

10:16:00 INFO  : Context for processor 'ps7_cortexa9_0' is selected.
10:16:00 INFO  : 'con' command is executed.
10:16:00 INFO  : ----------------XSDB Script (After Launch)----------------
targets -set -nocase -filter {name =~ "*A9*#0"}
con
----------------End of Script----------------

10:16:00 INFO  : Launch script is exported to file 'C:\Users\Lennym\Downloads\Zybo-Z7-10-DMA-sw.ide\vitis\Zybo-Z7-10-DMA_system\_ide\scripts\debugger_zybo-z7-10-dma-default_14.tcl'
10:24:17 INFO  : Checking for BSP changes to sync application flags for project 'Zybo-Z7-10-DMA'...
10:27:14 INFO  : Checking for BSP changes to sync application flags for project 'Zybo-Z7-10-DMA'...
10:28:28 INFO  : Checking for BSP changes to sync application flags for project 'Zybo-Z7-10-DMA'...
10:29:24 INFO  : Checking for BSP changes to sync application flags for project 'Zybo-Z7-10-DMA'...
10:30:29 INFO  : Disconnected from the channel tcfchan#24.
10:30:30 INFO  : Connected to target on host '127.0.0.1' and port '3121'.
10:30:30 INFO  : Jtag cable 'Digilent Zybo Z7 210351BE7A46A' is selected.
10:30:30 INFO  : 'jtag frequency' command is executed.
10:30:30 INFO  : Context for 'APU' is selected.
10:30:30 INFO  : System reset is completed.
10:30:33 INFO  : 'after 3000' command is executed.
10:30:33 INFO  : 'targets -set -filter {jtag_cable_name =~ "Digilent Zybo Z7 210351BE7A46A" && level==0 && jtag_device_ctx=="jsn-Zybo Z7-210351BE7A46A-13722093-0"}' command is executed.
10:30:34 INFO  : Device configured successfully with "C:/Users/Lennym/Downloads/Zybo-Z7-10-DMA-sw.ide/vitis/Zybo-Z7-10-DMA/_ide/bitstream/system_wrapper.bit"
10:30:34 INFO  : Context for 'APU' is selected.
10:30:34 INFO  : Hardware design and registers information is loaded from 'C:/Users/Lennym/Downloads/Zybo-Z7-10-DMA-sw.ide/vitis/system_wrapper/export/system_wrapper/hw/system_wrapper.xsa'.
10:30:34 INFO  : 'configparams force-mem-access 1' command is executed.
10:30:34 INFO  : Context for 'APU' is selected.
10:30:34 INFO  : Sourcing of 'C:/Users/Lennym/Downloads/Zybo-Z7-10-DMA-sw.ide/vitis/Zybo-Z7-10-DMA/_ide/psinit/ps7_init.tcl' is done.
10:30:35 INFO  : 'ps7_init' command is executed.
10:30:35 INFO  : 'ps7_post_config' command is executed.
10:30:35 INFO  : Context for processor 'ps7_cortexa9_0' is selected.
10:30:35 INFO  : The application 'C:/Users/Lennym/Downloads/Zybo-Z7-10-DMA-sw.ide/vitis/Zybo-Z7-10-DMA/Debug/Zybo-Z7-10-DMA.elf' is downloaded to processor 'ps7_cortexa9_0'.
10:30:35 INFO  : 'configparams force-mem-access 0' command is executed.
10:30:35 INFO  : ----------------XSDB Script----------------
connect -url tcp:127.0.0.1:3121
targets -set -nocase -filter {name =~"APU*"}
rst -system
after 3000
targets -set -filter {jtag_cable_name =~ "Digilent Zybo Z7 210351BE7A46A" && level==0 && jtag_device_ctx=="jsn-Zybo Z7-210351BE7A46A-13722093-0"}
fpga -file C:/Users/Lennym/Downloads/Zybo-Z7-10-DMA-sw.ide/vitis/Zybo-Z7-10-DMA/_ide/bitstream/system_wrapper.bit
targets -set -nocase -filter {name =~"APU*"}
loadhw -hw C:/Users/Lennym/Downloads/Zybo-Z7-10-DMA-sw.ide/vitis/system_wrapper/export/system_wrapper/hw/system_wrapper.xsa -mem-ranges [list {0x40000000 0xbfffffff}] -regs
configparams force-mem-access 1
targets -set -nocase -filter {name =~"APU*"}
source C:/Users/Lennym/Downloads/Zybo-Z7-10-DMA-sw.ide/vitis/Zybo-Z7-10-DMA/_ide/psinit/ps7_init.tcl
ps7_init
ps7_post_config
targets -set -nocase -filter {name =~ "*A9*#0"}
dow C:/Users/Lennym/Downloads/Zybo-Z7-10-DMA-sw.ide/vitis/Zybo-Z7-10-DMA/Debug/Zybo-Z7-10-DMA.elf
configparams force-mem-access 0
----------------End of Script----------------

10:30:35 INFO  : Context for processor 'ps7_cortexa9_0' is selected.
10:30:35 INFO  : 'con' command is executed.
10:30:35 INFO  : ----------------XSDB Script (After Launch)----------------
targets -set -nocase -filter {name =~ "*A9*#0"}
con
----------------End of Script----------------

10:30:35 INFO  : Launch script is exported to file 'C:\Users\Lennym\Downloads\Zybo-Z7-10-DMA-sw.ide\vitis\Zybo-Z7-10-DMA_system\_ide\scripts\debugger_zybo-z7-10-dma-default_16.tcl'
10:43:17 INFO  : Checking for BSP changes to sync application flags for project 'Zybo-Z7-10-DMA'...
10:43:22 INFO  : Checking for BSP changes to sync application flags for project 'Zybo-Z7-10-DMA'...
10:43:37 INFO  : Disconnected from the channel tcfchan#28.
10:43:38 INFO  : Connected to target on host '127.0.0.1' and port '3121'.
10:43:38 INFO  : Jtag cable 'Digilent Zybo Z7 210351BE7A46A' is selected.
10:43:38 INFO  : 'jtag frequency' command is executed.
10:43:38 INFO  : Context for 'APU' is selected.
10:43:38 INFO  : System reset is completed.
10:43:41 INFO  : 'after 3000' command is executed.
10:43:41 INFO  : 'targets -set -filter {jtag_cable_name =~ "Digilent Zybo Z7 210351BE7A46A" && level==0 && jtag_device_ctx=="jsn-Zybo Z7-210351BE7A46A-13722093-0"}' command is executed.
10:43:42 INFO  : Device configured successfully with "C:/Users/Lennym/Downloads/Zybo-Z7-10-DMA-sw.ide/vitis/Zybo-Z7-10-DMA/_ide/bitstream/system_wrapper.bit"
10:43:42 INFO  : Context for 'APU' is selected.
10:43:43 INFO  : Hardware design and registers information is loaded from 'C:/Users/Lennym/Downloads/Zybo-Z7-10-DMA-sw.ide/vitis/system_wrapper/export/system_wrapper/hw/system_wrapper.xsa'.
10:43:43 INFO  : 'configparams force-mem-access 1' command is executed.
10:43:43 INFO  : Context for 'APU' is selected.
10:43:43 INFO  : Sourcing of 'C:/Users/Lennym/Downloads/Zybo-Z7-10-DMA-sw.ide/vitis/Zybo-Z7-10-DMA/_ide/psinit/ps7_init.tcl' is done.
10:43:43 INFO  : 'ps7_init' command is executed.
10:43:43 INFO  : 'ps7_post_config' command is executed.
10:43:43 INFO  : Context for processor 'ps7_cortexa9_0' is selected.
10:43:43 INFO  : The application 'C:/Users/Lennym/Downloads/Zybo-Z7-10-DMA-sw.ide/vitis/Zybo-Z7-10-DMA/Debug/Zybo-Z7-10-DMA.elf' is downloaded to processor 'ps7_cortexa9_0'.
10:43:43 INFO  : 'configparams force-mem-access 0' command is executed.
10:43:43 INFO  : ----------------XSDB Script----------------
connect -url tcp:127.0.0.1:3121
targets -set -nocase -filter {name =~"APU*"}
rst -system
after 3000
targets -set -filter {jtag_cable_name =~ "Digilent Zybo Z7 210351BE7A46A" && level==0 && jtag_device_ctx=="jsn-Zybo Z7-210351BE7A46A-13722093-0"}
fpga -file C:/Users/Lennym/Downloads/Zybo-Z7-10-DMA-sw.ide/vitis/Zybo-Z7-10-DMA/_ide/bitstream/system_wrapper.bit
targets -set -nocase -filter {name =~"APU*"}
loadhw -hw C:/Users/Lennym/Downloads/Zybo-Z7-10-DMA-sw.ide/vitis/system_wrapper/export/system_wrapper/hw/system_wrapper.xsa -mem-ranges [list {0x40000000 0xbfffffff}] -regs
configparams force-mem-access 1
targets -set -nocase -filter {name =~"APU*"}
source C:/Users/Lennym/Downloads/Zybo-Z7-10-DMA-sw.ide/vitis/Zybo-Z7-10-DMA/_ide/psinit/ps7_init.tcl
ps7_init
ps7_post_config
targets -set -nocase -filter {name =~ "*A9*#0"}
dow C:/Users/Lennym/Downloads/Zybo-Z7-10-DMA-sw.ide/vitis/Zybo-Z7-10-DMA/Debug/Zybo-Z7-10-DMA.elf
configparams force-mem-access 0
----------------End of Script----------------

10:43:43 INFO  : Context for processor 'ps7_cortexa9_0' is selected.
10:43:43 INFO  : 'con' command is executed.
10:43:43 INFO  : ----------------XSDB Script (After Launch)----------------
targets -set -nocase -filter {name =~ "*A9*#0"}
con
----------------End of Script----------------

10:43:43 INFO  : Launch script is exported to file 'C:\Users\Lennym\Downloads\Zybo-Z7-10-DMA-sw.ide\vitis\Zybo-Z7-10-DMA_system\_ide\scripts\debugger_zybo-z7-10-dma-default_17.tcl'
11:09:02 INFO  : Checking for BSP changes to sync application flags for project 'Zybo-Z7-10-DMA'...
11:09:47 INFO  : Disconnected from the channel tcfchan#30.
11:09:48 INFO  : Connected to target on host '127.0.0.1' and port '3121'.
11:09:48 INFO  : Jtag cable 'Digilent Zybo Z7 210351BE7A46A' is selected.
11:09:48 INFO  : 'jtag frequency' command is executed.
11:09:49 INFO  : Context for 'APU' is selected.
11:09:49 INFO  : System reset is completed.
11:09:52 INFO  : 'after 3000' command is executed.
11:09:52 INFO  : 'targets -set -filter {jtag_cable_name =~ "Digilent Zybo Z7 210351BE7A46A" && level==0 && jtag_device_ctx=="jsn-Zybo Z7-210351BE7A46A-13722093-0"}' command is executed.
11:09:53 INFO  : Device configured successfully with "C:/Users/Lennym/Downloads/Zybo-Z7-10-DMA-sw.ide/vitis/Zybo-Z7-10-DMA/_ide/bitstream/system_wrapper.bit"
11:09:53 INFO  : Context for 'APU' is selected.
11:09:53 INFO  : Hardware design and registers information is loaded from 'C:/Users/Lennym/Downloads/Zybo-Z7-10-DMA-sw.ide/vitis/system_wrapper/export/system_wrapper/hw/system_wrapper.xsa'.
11:09:53 INFO  : 'configparams force-mem-access 1' command is executed.
11:09:53 INFO  : Context for 'APU' is selected.
11:09:53 INFO  : Sourcing of 'C:/Users/Lennym/Downloads/Zybo-Z7-10-DMA-sw.ide/vitis/Zybo-Z7-10-DMA/_ide/psinit/ps7_init.tcl' is done.
11:09:53 INFO  : 'ps7_init' command is executed.
11:09:53 INFO  : 'ps7_post_config' command is executed.
11:09:53 INFO  : Context for processor 'ps7_cortexa9_0' is selected.
11:09:54 INFO  : The application 'C:/Users/Lennym/Downloads/Zybo-Z7-10-DMA-sw.ide/vitis/Zybo-Z7-10-DMA/Debug/Zybo-Z7-10-DMA.elf' is downloaded to processor 'ps7_cortexa9_0'.
11:09:54 INFO  : 'configparams force-mem-access 0' command is executed.
11:09:54 INFO  : ----------------XSDB Script----------------
connect -url tcp:127.0.0.1:3121
targets -set -nocase -filter {name =~"APU*"}
rst -system
after 3000
targets -set -filter {jtag_cable_name =~ "Digilent Zybo Z7 210351BE7A46A" && level==0 && jtag_device_ctx=="jsn-Zybo Z7-210351BE7A46A-13722093-0"}
fpga -file C:/Users/Lennym/Downloads/Zybo-Z7-10-DMA-sw.ide/vitis/Zybo-Z7-10-DMA/_ide/bitstream/system_wrapper.bit
targets -set -nocase -filter {name =~"APU*"}
loadhw -hw C:/Users/Lennym/Downloads/Zybo-Z7-10-DMA-sw.ide/vitis/system_wrapper/export/system_wrapper/hw/system_wrapper.xsa -mem-ranges [list {0x40000000 0xbfffffff}] -regs
configparams force-mem-access 1
targets -set -nocase -filter {name =~"APU*"}
source C:/Users/Lennym/Downloads/Zybo-Z7-10-DMA-sw.ide/vitis/Zybo-Z7-10-DMA/_ide/psinit/ps7_init.tcl
ps7_init
ps7_post_config
targets -set -nocase -filter {name =~ "*A9*#0"}
dow C:/Users/Lennym/Downloads/Zybo-Z7-10-DMA-sw.ide/vitis/Zybo-Z7-10-DMA/Debug/Zybo-Z7-10-DMA.elf
configparams force-mem-access 0
----------------End of Script----------------

11:09:54 INFO  : Context for processor 'ps7_cortexa9_0' is selected.
11:09:54 INFO  : 'con' command is executed.
11:09:54 INFO  : ----------------XSDB Script (After Launch)----------------
targets -set -nocase -filter {name =~ "*A9*#0"}
con
----------------End of Script----------------

11:09:54 INFO  : Launch script is exported to file 'C:\Users\Lennym\Downloads\Zybo-Z7-10-DMA-sw.ide\vitis\Zybo-Z7-10-DMA_system\_ide\scripts\debugger_zybo-z7-10-dma-default_18.tcl'
